1596547003173	geckodriver	INFO	Listening on 127.0.0.1:52631
1596547006216	mozrunner::runner	INFO	Running command: "C:\\Program Files\\Mozilla Firefox\\firefox.exe" "--marionette" "-foreground" "-no-remote" "-profile" "C:\\Users\\gasmi\\AppData\\Local\\Temp\\rust_mozprofileRhvwBc"
JavaScript error: resource://gre/modules/XULStore.jsm, line 66: Error: Can't find profile directory.
console.error: SearchCache: "_readCacheFile: Error reading cache file:" (new Error("", "(unknown module)"))
1596547008649	Marionette	INFO	Listening on port 52640
1596547008839	Marionette	WARN	TLS certificate errors will be ignored for this session
JavaScript warning: https://cdn.arkoselabs.com/fc/js/96677ba21f0e74ba2a358a3053d33cd9/standard/funcaptcha_api.js, line 2: unreachable code after return statement
JavaScript warning: https://cdn.arkoselabs.com/fc/js/96677ba21f0e74ba2a358a3053d33cd9/standard/funcaptcha_api.js, line 2: unreachable code after return statement
JavaScript error: resource://gre/actors/AutoCompleteChild.jsm, line 208: Error: Invalid autocomplete selectedIndex
JavaScript error: resource://gre/actors/AutoCompleteChild.jsm, line 208: Error: Invalid autocomplete selectedIndex
JavaScript error: resource://gre/modules/LoginManagerChild.jsm, line 177: NS_ERROR_XPC_JAVASCRIPT_ERROR_WITH_DETAILS: [JavaScript Error: "Invalid autocomplete selectedIndex" {file: "resource://gre/actors/AutoCompleteChild.jsm" line: 208}]'[JavaScript Error: "Invalid autocomplete selectedIndex" {file: "resource://gre/actors/AutoCompleteChild.jsm" line: 208}]' when calling method: [nsIAutoCompletePopup::selectedIndex]
1596547041391	Marionette	INFO	Stopped listening on port 52640

###!!! [Child][RunMessage] Error: Channel closing: too late to send/recv, messages will be lost


###!!! [Child][MessageChannel::SendAndWait] Error: Channel error: cannot send/recv

1596547043508	geckodriver	INFO	Listening on 127.0.0.1:52721
1596547046537	mozrunner::runner	INFO	Running command: "C:\\Program Files\\Mozilla Firefox\\firefox.exe" "--marionette" "-foreground" "-no-remote" "-profile" "C:\\Users\\gasmi\\AppData\\Local\\Temp\\rust_mozprofileliPkqp"
JavaScript error: resource://gre/modules/XULStore.jsm, line 66: Error: Can't find profile directory.
console.error: SearchCache: "_readCacheFile: Error reading cache file:" (new Error("", "(unknown module)"))
1596547048896	Marionette	INFO	Listening on port 52730
1596547049149	Marionette	WARN	TLS certificate errors will be ignored for this session
1596547054976	Marionette	INFO	Stopped listening on port 52730

###!!! [Child][MessageChannel::SendAndWait] Error: Channel error: cannot send/recv

1596547287017	geckodriver	INFO	Listening on 127.0.0.1:52917
1596547290042	mozrunner::runner	INFO	Running command: "C:\\Program Files\\Mozilla Firefox\\firefox.exe" "--marionette" "-foreground" "-no-remote" "-profile" "C:\\Users\\gasmi\\AppData\\Local\\Temp\\rust_mozprofileywfM2s"
JavaScript error: resource://gre/modules/XULStore.jsm, line 66: Error: Can't find profile directory.
console.error: SearchCache: "_readCacheFile: Error reading cache file:" (new Error("", "(unknown module)"))
1596547292278	Marionette	INFO	Listening on port 52927
1596547292651	Marionette	WARN	TLS certificate errors will be ignored for this session
JavaScript error: resource://gre/actors/AutoCompleteChild.jsm, line 208: Error: Invalid autocomplete selectedIndex
JavaScript error: resource://gre/actors/AutoCompleteChild.jsm, line 208: Error: Invalid autocomplete selectedIndex
JavaScript error: resource://gre/modules/LoginManagerChild.jsm, line 177: NS_ERROR_XPC_JAVASCRIPT_ERROR_WITH_DETAILS: [JavaScript Error: "Invalid autocomplete selectedIndex" {file: "resource://gre/actors/AutoCompleteChild.jsm" line: 208}]'[JavaScript Error: "Invalid autocomplete selectedIndex" {file: "resource://gre/actors/AutoCompleteChild.jsm" line: 208}]' when calling method: [nsIAutoCompletePopup::selectedIndex]
JavaScript error: resource://gre/modules/XULStore.jsm, line 66: Error: Can't find profile directory.
JavaScript error: resource://gre/modules/XULStore.jsm, line 66: Error: Can't find profile directory.
JavaScript error: resource://gre/modules/XULStore.jsm, line 66: Error: Can't find profile directory.
JavaScript error: resource://gre/modules/XULStore.jsm, line 66: Error: Can't find profile directory.
JavaScript error: resource://gre/modules/XULStore.jsm, line 66: Error: Can't find profile directory.
JavaScript error: resource://gre/modules/XULStore.jsm, line 66: Error: Can't find profile directory.
JavaScript error: resource://gre/modules/XULStore.jsm, line 66: Error: Can't find profile directory.
JavaScript error: resource://gre/modules/XULStore.jsm, line 66: Error: Can't find profile directory.
console.warn: LoginHelper(Content): "Couldn't parse origin for" "" ({})
JavaScript error: resource://gre/modules/XULStore.jsm, line 66: Error: Can't find profile directory.
1596547357335	Marionette	INFO	Stopped listening on port 52927

###!!! [Child][RunMessage] Error: Channel closing: too late to send/recv, messages will be lost


###!!! [Child][MessageChannel::SendAndWait] Error: Channel error: cannot send/recv

1596547395011	geckodriver	INFO	Listening on 127.0.0.1:53104
1596547398030	mozrunner::runner	INFO	Running command: "C:\\Program Files\\Mozilla Firefox\\firefox.exe" "--marionette" "-foreground" "-no-remote" "-profile" "C:\\Users\\gasmi\\AppData\\Local\\Temp\\rust_mozprofileswssNB"
JavaScript error: resource://gre/modules/XULStore.jsm, line 66: Error: Can't find profile directory.
console.error: SearchCache: "_readCacheFile: Error reading cache file:" (new Error("", "(unknown module)"))
1596547400241	Marionette	INFO	Listening on port 53113
1596547400652	Marionette	WARN	TLS certificate errors will be ignored for this session
1596547417467	Marionette	INFO	Stopped listening on port 53113

###!!! [Child][RunMessage] Error: Channel closing: too late to send/recv, messages will be lost


###!!! [Child][MessageChannel::SendAndWait] Error: Channel error: cannot send/recv

1596547808308	geckodriver	INFO	Listening on 127.0.0.1:53379
1596547811332	mozrunner::runner	INFO	Running command: "C:\\Program Files\\Mozilla Firefox\\firefox.exe" "--marionette" "-foreground" "-no-remote" "-profile" "C:\\Users\\gasmi\\AppData\\Local\\Temp\\rust_mozprofilePHJmhF"
JavaScript error: resource://gre/modules/XULStore.jsm, line 66: Error: Can't find profile directory.
console.error: SearchCache: "_readCacheFile: Error reading cache file:" (new Error("", "(unknown module)"))
1596547813523	Marionette	INFO	Listening on port 53387
1596547813943	Marionette	WARN	TLS certificate errors will be ignored for this session
1596547849731	Marionette	INFO	Stopped listening on port 53387

###!!! [Child][MessageChannel::SendAndWait] Error: Channel error: cannot send/recv

1596549235606	geckodriver	INFO	Listening on 127.0.0.1:53916
1596549238623	mozrunner::runner	INFO	Running command: "C:\\Program Files\\Mozilla Firefox\\firefox.exe" "--marionette" "-foreground" "-no-remote" "-profile" "C:\\Users\\gasmi\\AppData\\Local\\Temp\\rust_mozprofilefLQqs8"
JavaScript error: resource://gre/modules/XULStore.jsm, line 66: Error: Can't find profile directory.
console.error: SearchCache: "_readCacheFile: Error reading cache file:" (new Error("", "(unknown module)"))
1596549240846	Marionette	INFO	Listening on port 53924
1596549241232	Marionette	WARN	TLS certificate errors will be ignored for this session
1596549582304	Marionette	INFO	Stopped listening on port 53924

###!!! [Child][MessageChannel::SendAndWait] Error: Channel error: cannot send/recv

1596549593841	geckodriver	INFO	Listening on 127.0.0.1:54007
1596549596875	mozrunner::runner	INFO	Running command: "C:\\Program Files\\Mozilla Firefox\\firefox.exe" "--marionette" "-foreground" "-no-remote" "-profile" "C:\\Users\\gasmi\\AppData\\Local\\Temp\\rust_mozprofileCg5Uto"
JavaScript error: resource://gre/modules/XULStore.jsm, line 66: Error: Can't find profile directory.
console.error: SearchCache: "_readCacheFile: Error reading cache file:" (new Error("", "(unknown module)"))
1596549599074	Marionette	INFO	Listening on port 54015
1596549599485	Marionette	WARN	TLS certificate errors will be ignored for this session
1596549786763	Marionette	INFO	Stopped listening on port 54015

###!!! [Child][RunMessage] Error: Channel closing: too late to send/recv, messages will be lost


###!!! [Child][MessageChannel::SendAndWait] Error: Channel error: cannot send/recv

Temp\\rust_mozprofileq0TW4r"
JavaScript error: resource://gre/modules/XULStore.jsm, line 66: Error: Can't find profile directory.
console.error: SearchCache: "_readCacheFile: Error reading cache file:" (new Error("", "(unknown module)"))
1596549693882	Marionette	INFO	Listening on port 54079
1596549694160	Marionette	WARN	TLS certificate errors will be ignored for this session
1596549785004	Marionette	INFO	Stopped listening on port 54079

###!!! [Child][RunMessage] Error: Channel closing: too late to send/recv, messages will be lost


###!!! [Child][MessageChannel::SendAndWait] Error: Channel error: cannot send/recv

1596549795129	geckodriver	INFO	Listening on 127.0.0.1:54130
1596549798178	mozrunner::runner	INFO	Running command: "C:\\Program Files\\Mozilla Firefox\\firefox.exe" "--marionette" "-foreground" "-no-remote" "-profile" "C:\\Users\\gasmi\\AppData\\Local\\Temp\\rust_mozprofileBmv9FA"
JavaScript error: resource://gre/modules/XULStore.jsm, line 66: Error: Can't find profile directory.
console.error: SearchCache: "_readCacheFile: Error reading cache file:" (new Error("", "(unknown module)"))
1596549800385	Marionette	INFO	Listening on port 54138
1596549800785	Marionette	WARN	TLS certificate errors will be ignored for this session
1596550341367	Marionette	INFO	Stopped listening on port 54138

###!!! [Child][RunMessage] Error: Channel closing: too late to send/recv, messages will be lost


###!!! [Child][MessageChannel::SendAndWait] Error: Channel error: cannot send/recv

Temp\\rust_mozprofile42vCEx"
JavaScript error: resource://gre/modules/XULStore.jsm, line 66: Error: Can't find profile directory.
console.error: SearchCache: "_readCacheFile: Error reading cache file:" (new Error("", "(unknown module)"))
1596549913178	Marionette	INFO	Listening on port 54203
1596549913598	Marionette	WARN	TLS certificate errors will be ignored for this session
1596550344594	Marionette	INFO	Stopped listening on port 54203

###!!! [Child][RunMessage] Error: Channel closing: too late to send/recv, messages will be lost


###!!! [Child][MessageChannel::SendAndWait] Error: Channel error: cannot send/recv

Temp\\rust_mozprofileItVBm2"
JavaScript error: resource://gre/modules/XULStore.jsm, line 66: Error: Can't find profile directory.
console.error: SearchCache: "_readCacheFile: Error reading cache file:" (new Error("", "(unknown module)"))
1596550078590	Marionette	INFO	Listening on port 54277
1596550078849	Marionette	WARN	TLS certificate errors will be ignored for this session
1596550345643	Marionette	INFO	Stopped listening on port 54277

###!!! [Child][RunMessage] Error: Channel closing: too late to send/recv, messages will be lost


###!!! [Child][MessageChannel::SendAndWait] Error: Channel error: cannot send/recv

Temp\\rust_mozprofileYR3aA8"
JavaScript error: resource://gre/modules/XULStore.jsm, line 66: Error: Can't find profile directory.
console.error: SearchCache: "_readCacheFile: Error reading cache file:" (new Error("", "(unknown module)"))
1596550138780	Marionette	INFO	Listening on port 54333
1596550139045	Marionette	WARN	TLS certificate errors will be ignored for this session
1596550346570	Marionette	INFO	Stopped listening on port 54333

###!!! [Child][RunMessage] Error: Channel closing: too late to send/recv, messages will be lost


###!!! [Child][MessageChannel::SendAndWait] Error: Channel error: cannot send/recv

Temp\\rust_mozprofileEBOD8g"
JavaScript error: resource://gre/modules/XULStore.jsm, line 66: Error: Can't find profile directory.
console.error: SearchCache: "_readCacheFile: Error reading cache file:" (new Error("", "(unknown module)"))
1596550205042	Marionette	INFO	Listening on port 54396
1596550205276	Marionette	WARN	TLS certificate errors will be ignored for this session
1596550348246	Marionette	INFO	Stopped listening on port 54396

###!!! [Child][RunMessage] Error: Channel closing: too late to send/recv, messages will be lost


###!!! [Child][MessageChannel::SendAndWait] Error: Channel error: cannot send/recv

1596550396083	geckodriver	INFO	Listening on 127.0.0.1:54545
1596550399113	mozrunner::runner	INFO	Running command: "C:\\Program Files\\Mozilla Firefox\\firefox.exe" "--marionette" "-foreground" "-no-remote" "-profile" "C:\\Users\\gasmi\\AppData\\Local\\Temp\\rust_mozprofiletD2GmJ"
JavaScript error: resource://gre/modules/XULStore.jsm, line 66: Error: Can't find profile directory.
console.error: SearchCache: "_readCacheFile: Error reading cache file:" (new Error("", "(unknown module)"))
1596550401443	Marionette	INFO	Listening on port 54555
1596550401720	Marionette	WARN	TLS certificate errors will be ignored for this session
1596550453487	Marionette	INFO	Stopped listening on port 54555

###!!! [Child][RunMessage] Error: Channel closing: too late to send/recv, messages will be lost


###!!! [Child][MessageChannel::SendAndWait] Error: Channel error: cannot send/recv

1596550457338	geckodriver	INFO	Listening on 127.0.0.1:54628
1596550460381	mozrunner::runner	INFO	Running command: "C:\\Program Files\\Mozilla Firefox\\firefox.exe" "--marionette" "-foreground" "-no-remote" "-profile" "C:\\Users\\gasmi\\AppData\\Local\\Temp\\rust_mozprofileCfI9FU"
JavaScript error: resource://gre/modules/XULStore.jsm, line 66: Error: Can't find profile directory.
console.error: SearchCache: "_readCacheFile: Error reading cache file:" (new Error("", "(unknown module)"))
1596550462592	Marionette	INFO	Listening on port 54638
1596550462989	Marionette	WARN	TLS certificate errors will be ignored for this session
1596550481256	Marionette	INFO	Stopped listening on port 54638

###!!! [Child][RunMessage] Error: Channel closing: too late to send/recv, messages will be lost


###!!! [Child][MessageChannel::SendAndWait] Error: Channel error: cannot send/recv

1596550487430	geckodriver	INFO	Listening on 127.0.0.1:54698
1596550490473	mozrunner::runner	INFO	Running command: "C:\\Program Files\\Mozilla Firefox\\firefox.exe" "--marionette" "-foreground" "-no-remote" "-profile" "C:\\Users\\gasmi\\AppData\\Local\\Temp\\rust_mozprofileuF4UFg"
JavaScript error: resource://gre/modules/XULStore.jsm, line 66: Error: Can't find profile directory.
console.error: SearchCache: "_readCacheFile: Error reading cache file:" (new Error("", "(unknown module)"))
1596550492672	Marionette	INFO	Listening on port 54707
1596550493081	Marionette	WARN	TLS certificate errors will be ignored for this session
1596550573796	Marionette	INFO	Stopped listening on port 54707

###!!! [Child][RunMessage] Error: Channel closing: too late to send/recv, messages will be lost


###!!! [Child][MessageChannel::SendAndWait] Error: Channel error: cannot send/recv

Temp\\rust_mozprofileXI04KR"
JavaScript error: resource://gre/modules/XULStore.jsm, line 66: Error: Can't find profile directory.
console.error: SearchCache: "_readCacheFile: Error reading cache file:" (new Error("", "(unknown module)"))
1596550518003	Marionette	INFO	Listening on port 54772
1596550518426	Marionette	WARN	TLS certificate errors will be ignored for this session
1596550572737	Marionette	INFO	Stopped listening on port 54772

###!!! [Child][RunMessage] Error: Channel closing: too late to send/recv, messages will be lost


###!!! [Child][MessageChannel::SendAndWait] Error: Channel error: cannot send/recv

1596550578640	geckodriver	INFO	Listening on 127.0.0.1:54849
1596550581667	mozrunner::runner	INFO	Running command: "C:\\Program Files\\Mozilla Firefox\\firefox.exe" "--marionette" "-foreground" "-no-remote" "-profile" "C:\\Users\\gasmi\\AppData\\Local\\Temp\\rust_mozprofileusUbGr"
JavaScript error: resource://gre/modules/XULStore.jsm, line 66: Error: Can't find profile directory.
console.error: SearchCache: "_readCacheFile: Error reading cache file:" (new Error("", "(unknown module)"))
1596550583850	Marionette	INFO	Listening on port 54858
1596550584278	Marionette	WARN	TLS certificate errors will be ignored for this session
1596550669270	Marionette	INFO	Stopped listening on port 54858

###!!! [Child][RunMessage] Error: Channel closing: too late to send/recv, messages will be lost


###!!! [Child][MessageChannel::SendAndWait] Error: Channel error: cannot send/recv

Temp\\rust_mozprofilesn6g9i"
JavaScript error: resource://gre/modules/XULStore.jsm, line 66: Error: Can't find profile directory.
console.error: SearchCache: "_readCacheFile: Error reading cache file:" (new Error("", "(unknown module)"))
1596550614011	Marionette	INFO	Listening on port 54926
1596550614425	Marionette	WARN	TLS certificate errors will be ignored for this session
1596550629356	Marionette	INFO	Stopped listening on port 54926

###!!! [Child][RunMessage] Error: Channel closing: too late to send/recv, messages will be lost


###!!! [Child][MessageChannel::SendAndWait] Error: Channel error: cannot send/recv

1596550635135	geckodriver	INFO	Listening on 127.0.0.1:54982
1596550638171	mozrunner::runner	INFO	Running command: "C:\\Program Files\\Mozilla Firefox\\firefox.exe" "--marionette" "-foreground" "-no-remote" "-profile" "C:\\Users\\gasmi\\AppData\\Local\\Temp\\rust_mozprofileVyVroE"
JavaScript error: resource://gre/modules/XULStore.jsm, line 66: Error: Can't find profile directory.
console.error: SearchCache: "_readCacheFile: Error reading cache file:" (new Error("", "(unknown module)"))
1596550640373	Marionette	INFO	Listening on port 54991
1596550640781	Marionette	WARN	TLS certificate errors will be ignored for this session
1596550666839	Marionette	INFO	Stopped listening on port 54991

###!!! [Child][RunMessage] Error: Channel closing: too late to send/recv, messages will be lost


###!!! [Child][MessageChannel::SendAndWait] Error: Channel error: cannot send/recv

1596550673209	geckodriver	INFO	Listening on 127.0.0.1:55056
1596550676240	mozrunner::runner	INFO	Running command: "C:\\Program Files\\Mozilla Firefox\\firefox.exe" "--marionette" "-foreground" "-no-remote" "-profile" "C:\\Users\\gasmi\\AppData\\Local\\Temp\\rust_mozprofilefShomJ"
JavaScript error: resource://gre/modules/XULStore.jsm, line 66: Error: Can't find profile directory.
console.error: SearchCache: "_readCacheFile: Error reading cache file:" (new Error("", "(unknown module)"))
1596550678390	Marionette	INFO	Listening on port 55066
1596550678848	Marionette	WARN	TLS certificate errors will be ignored for this session
1596550736499	Marionette	INFO	Stopped listening on port 55066

###!!! [Child][RunMessage] Error: Channel closing: too late to send/recv, messages will be lost


###!!! [Child][MessageChannel::SendAndWait] Error: Channel error: cannot send/recv

1596550738773	geckodriver	INFO	Listening on 127.0.0.1:55142
1596550741794	mozrunner::runner	INFO	Running command: "C:\\Program Files\\Mozilla Firefox\\firefox.exe" "--marionette" "-foreground" "-no-remote" "-profile" "C:\\Users\\gasmi\\AppData\\Local\\Temp\\rust_mozprofile1NdGHi"
JavaScript error: resource://gre/modules/XULStore.jsm, line 66: Error: Can't find profile directory.
console.error: SearchCache: "_readCacheFile: Error reading cache file:" (new Error("", "(unknown module)"))
1596550743955	Marionette	INFO	Listening on port 55151
1596550744407	Marionette	WARN	TLS certificate errors will be ignored for this session
1596550869211	Marionette	INFO	Stopped listening on port 55151

###!!! [Child][RunMessage] Error: Channel closing: too late to send/recv, messages will be lost


###!!! [Child][MessageChannel::SendAndWait] Error: Channel error: cannot send/recv

Temp\\rust_mozprofileU0Bt4g"
JavaScript error: resource://gre/modules/XULStore.jsm, line 66: Error: Can't find profile directory.
console.error: SearchCache: "_readCacheFile: Error reading cache file:" (new Error("", "(unknown module)"))
1596550840208	Marionette	INFO	Listening on port 55255
1596550840662	Marionette	WARN	TLS certificate errors will be ignored for this session
1596550868311	Marionette	INFO	Stopped listening on port 55255

###!!! [Child][RunMessage] Error: Channel closing: too late to send/recv, messages will be lost


###!!! [Child][MessageChannel::SendAndWait] Error: Channel error: cannot send/recv

Temp\\rust_mozprofileqzE9DA"
JavaScript error: resource://gre/modules/XULStore.jsm, line 66: Error: Can't find profile directory.
console.error: SearchCache: "_readCacheFile: Error reading cache file:" (new Error("", "(unknown module)"))
1596550858059	Marionette	INFO	Listening on port 55314
1596550858489	Marionette	WARN	TLS certificate errors will be ignored for this session
1596550861218	Marionette	INFO	Stopped listening on port 55314

###!!! [Child][RunMessage] Error: Channel closing: too late to send/recv, messages will be lost


###!!! [Child][MessageChannel::SendAndWait] Error: Channel error: cannot send/recv

1596550909183	geckodriver	INFO	Listening on 127.0.0.1:55386
1596550912215	mozrunner::runner	INFO	Running command: "C:\\Program Files\\Mozilla Firefox\\firefox.exe" "--marionette" "-foreground" "-no-remote" "-profile" "C:\\Users\\gasmi\\AppData\\Local\\Temp\\rust_mozprofile6c4PF8"
JavaScript error: resource://gre/modules/XULStore.jsm, line 66: Error: Can't find profile directory.
console.error: SearchCache: "_readCacheFile: Error reading cache file:" (new Error("", "(unknown module)"))
1596550914407	Marionette	INFO	Listening on port 55396
1596550914824	Marionette	WARN	TLS certificate errors will be ignored for this session
1596550945101	Marionette	INFO	Stopped listening on port 55396

###!!! [Child][RunMessage] Error: Channel closing: too late to send/recv, messages will be lost


###!!! [Child][MessageChannel::SendAndWait] Error: Channel error: cannot send/recv

